2026-04-25 13:01:18,838 INFO o.a.j.u.JMeterUtils: Setting Locale to en_EN
2026-04-25 13:01:18,853 INFO o.a.j.JMeter: Loading user properties from: C:\Program Files\apache-jmeter-5.6.3\bin\user.properties
2026-04-25 13:01:18,854 INFO o.a.j.JMeter: Loading system properties from: C:\Program Files\apache-jmeter-5.6.3\bin\system.properties
2026-04-25 13:01:18,861 INFO o.a.j.JMeter: Copyright (c) 1998-2024 The Apache Software Foundation
2026-04-25 13:01:18,861 INFO o.a.j.JMeter: Version 5.6.3
2026-04-25 13:01:18,861 INFO o.a.j.JMeter: java.version=21.0.10
2026-04-25 13:01:18,861 INFO o.a.j.JMeter: java.vm.name=OpenJDK 64-Bit Server VM
2026-04-25 13:01:18,861 INFO o.a.j.JMeter: os.name=Windows 11
2026-04-25 13:01:18,862 INFO o.a.j.JMeter: os.arch=amd64
2026-04-25 13:01:18,862 INFO o.a.j.JMeter: os.version=10.0
2026-04-25 13:01:18,862 INFO o.a.j.JMeter: file.encoding=UTF-8
2026-04-25 13:01:18,862 INFO o.a.j.JMeter: java.awt.headless=true
2026-04-25 13:01:18,862 INFO o.a.j.JMeter: Max memory     =1073741824
2026-04-25 13:01:18,862 INFO o.a.j.JMeter: Available Processors =12
2026-04-25 13:01:18,870 INFO o.a.j.JMeter: Default Locale=English (EN)
2026-04-25 13:01:18,870 INFO o.a.j.JMeter: JMeter  Locale=English (EN)
2026-04-25 13:01:18,870 INFO o.a.j.JMeter: JMeterHome=C:\Program Files\apache-jmeter-5.6.3
2026-04-25 13:01:18,870 INFO o.a.j.JMeter: user.dir  =C:\Users\Andi\Documents\Kuliah\Semester 4\Pemrograman Lanjut\Modul7\Module-7-exercise-profiling
2026-04-25 13:01:18,871 INFO o.a.j.JMeter: PWD       =C:\Users\Andi\Documents\Kuliah\Semester 4\Pemrograman Lanjut\Modul7\Module-7-exercise-profiling
2026-04-25 13:01:18,872 INFO o.a.j.JMeter: IP: 192.168.100.235 Name: LAPTOP-EFCJT9ST FullName: LAPTOP-EFCJT9ST
2026-04-25 13:01:18,880 INFO o.a.j.s.FileServer: Default base='C:\Users\Andi\Documents\Kuliah\Semester 4\Pemrograman Lanjut\Modul7\Module-7-exercise-profiling'
2026-04-25 13:01:18,881 INFO o.a.j.s.FileServer: Set new base='C:\Users\Andi\Documents\Kuliah\Semester 4\Pemrograman Lanjut\Modul7\Module-7-exercise-profiling'
2026-04-25 13:01:19,007 INFO o.a.j.s.SaveService: Testplan (JMX) version: 2.2. Testlog (JTL) version: 2.2
2026-04-25 13:01:19,028 INFO o.a.j.s.SaveService: Using SaveService properties version 5.0
2026-04-25 13:01:19,030 INFO o.a.j.s.SaveService: Using SaveService properties file encoding UTF-8
2026-04-25 13:01:19,033 INFO o.a.j.s.SaveService: Loading file: test_plan_3.jmx
2026-04-25 13:01:19,071 INFO o.a.j.p.h.s.HTTPSamplerBase: Parser for text/html is org.apache.jmeter.protocol.http.parser.LagartoBasedHtmlParser
2026-04-25 13:01:19,071 INFO o.a.j.p.h.s.HTTPSamplerBase: Parser for application/xhtml+xml is org.apache.jmeter.protocol.http.parser.LagartoBasedHtmlParser
2026-04-25 13:01:19,071 INFO o.a.j.p.h.s.HTTPSamplerBase: Parser for application/xml is org.apache.jmeter.protocol.http.parser.LagartoBasedHtmlParser
2026-04-25 13:01:19,071 INFO o.a.j.p.h.s.HTTPSamplerBase: Parser for text/xml is org.apache.jmeter.protocol.http.parser.LagartoBasedHtmlParser
2026-04-25 13:01:19,071 INFO o.a.j.p.h.s.HTTPSamplerBase: Parser for text/vnd.wap.wml is org.apache.jmeter.protocol.http.parser.RegexpHTMLParser
2026-04-25 13:01:19,071 INFO o.a.j.p.h.s.HTTPSamplerBase: Parser for text/css is org.apache.jmeter.protocol.http.parser.CssParser
2026-04-25 13:01:19,090 INFO o.a.j.JMeter: Creating summariser <summary>
2026-04-25 13:01:19,102 INFO o.a.j.e.StandardJMeterEngine: Running the test!
2026-04-25 13:01:19,102 INFO o.a.j.s.SampleEvent: List of sample_variables: []
2026-04-25 13:01:19,103 INFO o.a.j.s.SampleEvent: List of sample_variables: []
2026-04-25 13:01:19,106 INFO o.a.j.e.u.CompoundVariable: Note: Function class names must contain the string: '.functions.'
2026-04-25 13:01:19,106 INFO o.a.j.e.u.CompoundVariable: Note: Function class names must not contain the string: '.gui.'
2026-04-25 13:01:19,166 INFO o.a.j.JMeter: Running test (1777096879166)
2026-04-25 13:01:19,179 INFO o.a.j.e.StandardJMeterEngine: Starting ThreadGroup: 1 : Thread Group
2026-04-25 13:01:19,179 INFO o.a.j.e.StandardJMeterEngine: Starting 1 threads for group Thread Group.
2026-04-25 13:01:19,179 INFO o.a.j.e.StandardJMeterEngine: Thread will continue on error
2026-04-25 13:01:19,180 INFO o.a.j.t.ThreadGroup: Starting thread group... number=1 threads=1 ramp-up=1 delayedStart=false
2026-04-25 13:01:19,182 INFO o.a.j.t.ThreadGroup: Started thread group number 1
2026-04-25 13:01:19,183 INFO o.a.j.e.StandardJMeterEngine: All thread groups have been started
2026-04-25 13:01:19,185 INFO o.a.j.t.JMeterThread: Thread started: Thread Group 1-1
2026-04-25 13:01:19,202 INFO o.a.j.p.h.s.HTTPHCAbstractImpl: Local host = LAPTOP-EFCJT9ST
2026-04-25 13:01:19,216 INFO o.a.j.p.h.s.HTTPHC4Impl: HTTP request retry count = 0
2026-04-25 13:01:19,220 INFO o.a.j.s.SampleResult: Note: Sample TimeStamps are START times
2026-04-25 13:01:19,220 INFO o.a.j.s.SampleResult: sampleresult.default.encoding is set to UTF-8
2026-04-25 13:01:19,220 INFO o.a.j.s.SampleResult: sampleresult.useNanoTime=true
2026-04-25 13:01:19,221 INFO o.a.j.s.SampleResult: sampleresult.nanoThreadSleep=5000
2026-04-25 13:01:19,361 INFO o.a.j.t.JMeterThread: Thread is done: Thread Group 1-1
2026-04-25 13:01:19,361 INFO o.a.j.t.JMeterThread: Thread finished: Thread Group 1-1
2026-04-25 13:01:19,365 INFO o.a.j.e.StandardJMeterEngine: Notifying test listeners of end of test
2026-04-25 13:01:19,381 INFO o.a.j.r.Summariser: summary =      1 in 00:00:00 =    5.0/s Avg:    38 Min:    38 Max:    38 Err:     0 (0.00%)
